JvmtiExport can_access_local_variables 0
JvmtiExport can_hotswap_or_post_breakpoint 0
JvmtiExport can_post_on_exceptions 0
# 135 ciObject found
ciMethod java/util/List iterator ()Ljava/util/Iterator; 0 0 1 0 -1
ciMethod java/util/Iterator hasNext ()Z 0 0 1 0 -1
ciMethod java/util/Iterator next ()Ljava/lang/Object; 0 0 1 0 -1
ciMethod com/android/tools/r8/graph/C q ()Ljava/util/List; 344065 1 71839 0 -1
ciMethod com/android/tools/r8/graph/b0 a (Lcom/android/tools/r8/graph/W;)Z 57857 927137 15003 0 -1
ciMethod com/android/tools/r8/graph/b k ()Z 4097 1 222204 0 -1
ciMethod com/android/tools/r8/graph/b b (I)Z 4097 1 794721 0 -1
ciMethod com/android/tools/r8/graph/T l ()V 873 1 481551 0 -1
ciMethod com/android/tools/r8/graph/T A ()Z 858113 1 171439 0 -1
ciMethod com/android/tools/r8/graph/T t ()Lcom/android/tools/r8/ir/optimize/info/r; 1617105 1 161030 1 -1
ciMethodData com/android/tools/r8/graph/b b (I)Z 2 794721 orig 264 88 29 56 82 0 0 0 0 24 217 54 39 0 0 0 0 96 1 0 0 0 0 0 0 0 0 0 0 0 0 0 0 0 0 0 0 0 0 0 0 0 0 0 0 0 0 0 0 0 0 0 0 0 0 0 0 0 0 0 0 0 0 0 0 0 0 0 0 0 0 0 0 0 0 0 0 0 0 0 0 77 68 79 32 101 120 116 114 97 32 100 97 116 97 32 108 111 99 107 0 0 0 0 0 0 0 0 0 0 0 0 0 0 0 0 0 0 0 0 0 0 0 0 0 0 0 0 0 0 0 0 0 0 0 0 0 0 0 0 0 0 0 0 0 0 0 0 0 0 0 0 0 0 0 0 0 0 0 0 0 0 0 0 0 0 0 0 0 0 0 0 0 0 0 0 0 0 0 0 0 0 0 0 0 1 0 0 0 0 0 0 0 0 0 0 0 0 0 0 0 1 0 0 0 0 0 0 0 0 0 0 0 0 0 0 0 0 2 0 0 9 243 96 0 1 0 0 0 0 0 0 0 0 0 0 0 2 0 0 0 0 0 6 0 2 0 0 0 56 0 0 0 255 255 255 255 7 0 6 0 0 0 0 0 data 7 0x60007 0x980e4 0x38 0x2a062 0xa0003 0x2a065 0x18 oops 0
ciMethod com/android/tools/r8/ir/conversion/O b (Lcom/android/tools/r8/graph/b0;)V 66345 145457 22630 1 -1
ciMethodData com/android/tools/r8/graph/T l ()V 2 481551 orig 264 88 29 56 82 0 0 0 0 112 236 55 39 0 0 0 0 136 1 0 0 64 0 0 0 0 0 0 0 0 0 0 0 0 0 0 0 0 0 0 0 0 0 0 0 0 0 0 0 0 0 0 0 0 0 0 0 0 0 0 0 0 0 0 0 0 0 0 0 0 0 0 0 0 0 0 0 0 0 0 0 77 68 79 32 101 120 116 114 97 32 100 97 116 97 32 108 111 99 107 0 0 0 0 0 0 0 0 0 0 0 0 0 0 0 0 0 0 0 0 0 0 0 0 0 0 0 0 0 0 0 0 0 0 0 0 0 0 0 0 0 0 0 0 0 0 0 0 0 0 0 0 0 0 0 0 0 0 0 0 0 0 0 0 0 0 0 0 0 0 0 0 0 0 0 0 0 0 0 0 0 0 0 0 0 25 0 0 0 0 0 0 0 0 0 0 0 0 0 0 0 1 0 0 0 0 0 0 0 0 0 0 0 0 0 0 0 109 0 0 0 17 197 58 0 1 0 0 0 0 0 0 0 0 0 0 0 2 0 0 0 0 0 4 0 2 0 0 0 104 0 0 0 255 255 255 255 7 0 3 0 0 0 0 0 data 13 0x30007 0x758c4 0x68 0x0 0xa0007 0x0 0x38 0x0 0xd0003 0x0 0x28 0x140002 0x0 oops 0
ciMethodData com/android/tools/r8/graph/b k ()Z 2 222204 orig 264 88 29 56 82 0 0 0 0 176 209 54 39 0 0 0 0 120 1 0 0 0 0 0 0 0 0 0 0 0 0 0 0 0 0 0 0 0 0 0 0 0 0 0 0 0 0 0 0 0 0 0 0 0 0 0 0 0 0 0 0 0 0 0 0 0 0 0 0 0 0 0 0 0 0 0 0 0 0 0 0 77 68 79 32 101 120 116 114 97 32 100 97 116 97 32 108 111 99 107 0 0 0 0 0 0 0 0 0 0 0 0 0 0 0 0 0 0 0 0 0 0 0 0 0 0 0 0 0 0 0 0 0 0 0 0 0 0 0 0 0 0 0 0 0 0 0 0 0 0 0 0 0 0 0 0 0 0 0 0 0 0 0 0 0 0 0 0 0 0 0 0 0 0 0 0 0 0 0 0 0 0 0 0 0 0 0 0 0 0 0 0 0 0 0 0 0 0 0 0 0 0 0 0 0 0 0 0 0 0 0 0 0 0 0 0 0 0 2 0 0 225 15 27 0 1 0 0 0 0 0 0 0 0 0 0 0 2 0 0 0 0 0 7 0 2 0 0 0 48 0 0 0 255 255 255 255 5 0 3 0 0 0 0 0 data 6 0x30005 0x0 0x1c9da370 0x1d5d0 0x253d38d0 0x18c32 oops 2 2 com/android/tools/r8/graph/k0 4 com/android/tools/r8/graph/E0
ciMethodData com/android/tools/r8/graph/T A ()Z 2 171439 orig 264 88 29 56 82 0 0 0 0 48 152 74 39 0 0 0 0 16 2 0 0 0 0 0 0 0 0 0 0 0 0 0 0 0 0 0 0 0 0 0 0 0 0 0 0 0 0 0 0 0 0 0 0 0 0 0 0 0 0 0 0 0 0 0 0 0 0 0 0 0 0 0 0 0 0 0 0 0 0 0 0 77 68 79 32 101 120 116 114 97 32 100 97 116 97 32 108 111 99 107 0 0 0 0 0 0 0 0 0 0 0 0 0 0 0 0 0 0 0 0 0 0 0 0 0 0 0 0 0 0 0 0 0 0 0 0 0 0 0 0 0 0 0 0 0 0 0 0 0 0 0 0 0 0 0 0 0 0 0 0 0 0 0 0 0 0 0 0 0 0 0 0 0 0 0 0 0 0 0 0 0 0 0 0 0 0 0 0 0 0 0 0 0 0 0 0 0 0 0 0 0 0 0 0 0 0 0 0 0 0 0 0 0 0 0 0 0 234 1 0 0 121 213 7 0 1 0 0 0 0 0 0 0 0 0 0 0 2 0 0 0 0 0 6 0 2 0 0 0 200 0 0 0 255 255 255 255 2 0 2 0 0 0 0 0 data 25 0x20002 0xfab5 0xb0005 0x0 0x253d38d0 0xfabc 0x0 0x0 0xe0007 0x8fb5 0x88 0x6b28 0x150005 0x0 0x253d38d0 0x6b28 0x0 0x0 0x180007 0x5ba4 0x38 0xf84 0x1c0003 0xf84 0x18 oops 2 4 com/android/tools/r8/graph/E0 14 com/android/tools/r8/graph/E0
ciMethodData com/android/tools/r8/graph/T t ()Lcom/android/tools/r8/ir/optimize/info/r; 0 0 orig 264 88 29 56 82 0 0 0 0 184 214 74 39 0 0 0 0 216 1 0 0 96 0 0 0 0 0 0 0 0 0 0 0 0 0 0 0 0 0 0 0 0 0 0 0 0 0 0 0 0 0 0 0 0 0 0 0 0 0 0 0 0 0 0 0 0 0 0 0 0 0 0 0 0 0 0 0 0 0 0 0 77 68 79 32 101 120 116 114 97 32 100 97 116 97 32 108 111 99 107 0 0 0 0 0 0 0 0 0 0 0 0 0 0 0 0 0 0 0 0 0 0 0 0 0 0 0 0 0 0 0 0 0 0 0 0 0 0 0 0 0 0 0 0 0 0 0 0 0 0 0 0 0 0 0 0 0 0 0 0 0 0 1 0 0 0 0 0 0 0 0 0 0 0 0 0 0 0 0 0 1 0 0 0 0 0 0 0 0 0 0 0 0 0 0 0 0 0 0 0 0 0 0 0 0 0 0 0 0 0 0 0 0 0 0 0 0 52 2 0 0 137 76 0 0 1 0 0 0 145 9 0 0 0 0 0 0 2 0 0 0 0 0 6 0 2 0 0 0 144 0 0 0 255 255 255 255 2 0 2 0 0 0 0 0 data 18 0x20002 0x991 0xde007 0x1 0x50 0x991 0x120005 0x0 0x1c9dac80 0x991 0x0 0x0 0x1e1004 0x0 0x253cfb90 0x991 0x2e0 0x1 oops 3 8 com/android/tools/r8/ir/optimize/info/e 14 com/android/tools/r8/ir/optimize/info/r